<?xml version="1.0" encoding="UTF-8"?>
<testng-results ignored="0" total="3" passed="3" failed="0" skipped="0">
  <reporter-output>
  </reporter-output>
  <suite started-at="2023-01-17T18:55:32 IST" name="Default suite" finished-at="2023-01-17T18:55:37 IST" duration-ms="5222">
    <groups>
      <group name="cucumber">
        <method signature="AbstractTestNGCucumberTests.runScenario(io.cucumber.testng.PickleWrapper,io.cucumber.testng.FeatureWrapper)[pri:0, instance:testrunners.AmazonOrderRunner@957e06]" name="runScenario" class="io.cucumber.testng.AbstractTestNGCucumberTests"/>
      </group> <!-- cucumber -->
    </groups>
    <test started-at="2023-01-17T18:55:32 IST" name="Default test" finished-at="2023-01-17T18:55:37 IST" duration-ms="5222">
      <class name="testrunners.AmazonOrderRunner">
        <test-method is-config="true" signature="setUpClass()[pri:0, instance:testrunners.AmazonOrderRunner@957e06]" started-at="2023-01-17T18:55:32 IST" name="setUpClass" finished-at="2023-01-17T18:55:33 IST" duration-ms="1162" status="PASS">
          <reporter-output>
          </reporter-output>
        </test-method> <!-- setUpClass -->
        <test-method signature="runScenario(io.cucumber.testng.PickleWrapper,io.cucumber.testng.FeatureWrapper)[pri:0, instance:testrunners.AmazonOrderRunner@957e06]" started-at="2023-01-17T18:55:33 IST" name="runScenario" description="Runs Cucumber Scenarios" data-provider="scenarios" finished-at="2023-01-17T18:55:34 IST" duration-ms="458" status="PASS">
          <params>
            <param index="0">
              <value>
                <![CDATA["check previous order"]]>
              </value>
            </param>
            <param index="1">
              <value>
                <![CDATA["Optional[Order functionality]"]]>
              </value>
            </param>
          </params>
          <reporter-output>
          </reporter-output>
        </test-method> <!-- runScenario -->
        <test-method signature="runScenario(io.cucumber.testng.PickleWrapper,io.cucumber.testng.FeatureWrapper)[pri:0, instance:testrunners.AmazonOrderRunner@957e06]" started-at="2023-01-17T18:55:34 IST" name="runScenario" description="Runs Cucumber Scenarios" data-provider="scenarios" finished-at="2023-01-17T18:55:34 IST" duration-ms="364" status="PASS">
          <params>
            <param index="0">
              <value>
                <![CDATA["check current order details"]]>
              </value>
            </param>
            <param index="1">
              <value>
                <![CDATA["Optional[Order functionality]"]]>
              </value>
            </param>
          </params>
          <reporter-output>
          </reporter-output>
        </test-method> <!-- runScenario -->
        <test-method signature="runScenario(io.cucumber.testng.PickleWrapper,io.cucumber.testng.FeatureWrapper)[pri:0, instance:testrunners.AmazonOrderRunner@957e06]" started-at="2023-01-17T18:55:34 IST" name="runScenario" description="Runs Cucumber Scenarios" data-provider="scenarios" finished-at="2023-01-17T18:55:34 IST" duration-ms="116" status="PASS">
          <params>
            <param index="0">
              <value>
                <![CDATA["check cancelled order details"]]>
              </value>
            </param>
            <param index="1">
              <value>
                <![CDATA["Optional[Order functionality]"]]>
              </value>
            </param>
          </params>
          <reporter-output>
          </reporter-output>
        </test-method> <!-- runScenario -->
        <test-method is-config="true" signature="tearDownClass()[pri:0, instance:testrunners.AmazonOrderRunner@957e06]" started-at="2023-01-17T18:55:34 IST" name="tearDownClass" finished-at="2023-01-17T18:55:37 IST" duration-ms="2936" status="PASS">
          <reporter-output>
          </reporter-output>
        </test-method> <!-- tearDownClass -->
      </class> <!-- testrunners.AmazonOrderRunner -->
    </test> <!-- Default test -->
  </suite> <!-- Default suite -->
</testng-results>
