<?xml version="1.0" encoding="UTF-8"?>
<testng-results ignored="0" total="3" passed="3" failed="0" skipped="0">
  <reporter-output>
  </reporter-output>
  <suite started-at="2023-01-18T19:56:20 IST" name="Default suite" finished-at="2023-01-18T19:56:26 IST" duration-ms="6114">
    <groups>
      <group name="cucumber">
        <method signature="AbstractTestNGCucumberTests.runScenario(io.cucumber.testng.PickleWrapper,io.cucumber.testng.FeatureWrapper)[pri:0, instance:testrunners.ScenarioOutlineRunner@957e06]" name="runScenario" class="io.cucumber.testng.AbstractTestNGCucumberTests"/>
      </group> <!-- cucumber -->
    </groups>
    <test started-at="2023-01-18T19:56:20 IST" name="Default test" finished-at="2023-01-18T19:56:26 IST" duration-ms="6114">
      <class name="testrunners.ScenarioOutlineRunner">
        <test-method is-config="true" signature="setUpClass()[pri:0, instance:testrunners.ScenarioOutlineRunner@957e06]" started-at="2023-01-18T19:56:20 IST" name="setUpClass" finished-at="2023-01-18T19:56:21 IST" duration-ms="1016" status="PASS">
          <reporter-output>
          </reporter-output>
        </test-method> <!-- setUpClass -->
        <test-method signature="runScenario(io.cucumber.testng.PickleWrapper,io.cucumber.testng.FeatureWrapper)[pri:0, instance:testrunners.ScenarioOutlineRunner@957e06]" started-at="2023-01-18T19:56:21 IST" name="runScenario" description="Runs Cucumber Scenarios" data-provider="scenarios" finished-at="2023-01-18T19:56:21 IST" duration-ms="531" status="PASS">
          <params>
            <param index="0">
              <value>
                <![CDATA["login with different set of data"]]>
              </value>
            </param>
            <param index="1">
              <value>
                <![CDATA["Optional[login feature]"]]>
              </value>
            </param>
          </params>
          <reporter-output>
          </reporter-output>
        </test-method> <!-- runScenario -->
        <test-method signature="runScenario(io.cucumber.testng.PickleWrapper,io.cucumber.testng.FeatureWrapper)[pri:0, instance:testrunners.ScenarioOutlineRunner@957e06]" started-at="2023-01-18T19:56:21 IST" name="runScenario" description="Runs Cucumber Scenarios" data-provider="scenarios" finished-at="2023-01-18T19:56:22 IST" duration-ms="97" status="PASS">
          <params>
            <param index="0">
              <value>
                <![CDATA["login with different set of data"]]>
              </value>
            </param>
            <param index="1">
              <value>
                <![CDATA["Optional[login feature]"]]>
              </value>
            </param>
          </params>
          <reporter-output>
          </reporter-output>
        </test-method> <!-- runScenario -->
        <test-method signature="runScenario(io.cucumber.testng.PickleWrapper,io.cucumber.testng.FeatureWrapper)[pri:0, instance:testrunners.ScenarioOutlineRunner@957e06]" started-at="2023-01-18T19:56:22 IST" name="runScenario" description="Runs Cucumber Scenarios" data-provider="scenarios" finished-at="2023-01-18T19:56:22 IST" duration-ms="77" status="PASS">
          <params>
            <param index="0">
              <value>
                <![CDATA["login with different set of data"]]>
              </value>
            </param>
            <param index="1">
              <value>
                <![CDATA["Optional[login feature]"]]>
              </value>
            </param>
          </params>
          <reporter-output>
          </reporter-output>
        </test-method> <!-- runScenario -->
        <test-method is-config="true" signature="tearDownClass()[pri:0, instance:testrunners.ScenarioOutlineRunner@957e06]" started-at="2023-01-18T19:56:22 IST" name="tearDownClass" finished-at="2023-01-18T19:56:26 IST" duration-ms="4257" status="PASS">
          <reporter-output>
          </reporter-output>
        </test-method> <!-- tearDownClass -->
      </class> <!-- testrunners.ScenarioOutlineRunner -->
    </test> <!-- Default test -->
  </suite> <!-- Default suite -->
</testng-results>
